Using pre-set license
Built from '2021.3/staging' branch; Version is '2021.3.1f1 (3b70a0754835) revision 3895456'; Using compiler version '192829333'; Build Type 'Release'
OS: 'Windows 10  (10.0.19043) 64bit Core' Language: 'en' Physical Memory: 8057 MB
BatchMode: 1, IsHumanControllingUs: 0, StartBugReporterOnCrash: 0, Is64bit: 1, IsPro: 1

COMMAND LINE ARGUMENTS:
C:\Users\User\Downloads\Unity\Unity Hub\2021.3.1f1\Editor\Unity.exe
-adb2
-batchMode
-noUpm
-name
AssetImportWorker4
-projectPath
C:/Users/User/Documents/ICS166/ICS 166
-logFile
Logs/AssetImportWorker4.log
-srvPort
59257
Successfully changed project path to: C:/Users/User/Documents/ICS166/ICS 166
C:/Users/User/Documents/ICS166/ICS 166
[UnityMemory] Configuration Parameters - Can be set up in boot.config
    "memorysetup-bucket-allocator-granularity=16"
    "memorysetup-bucket-allocator-bucket-count=8"
    "memorysetup-bucket-allocator-block-size=33554432"
    "memorysetup-bucket-allocator-block-count=8"
    "memorysetup-main-allocator-block-size=16777216"
    "memorysetup-thread-allocator-block-size=16777216"
    "memorysetup-gfx-main-allocator-block-size=16777216"
    "memorysetup-gfx-thread-allocator-block-size=16777216"
    "memorysetup-cache-allocator-block-size=4194304"
    "memorysetup-typetree-allocator-block-size=2097152"
    "memorysetup-profiler-bucket-allocator-granularity=16"
    "memorysetup-profiler-bucket-allocator-bucket-count=8"
    "memorysetup-profiler-bucket-allocator-block-size=33554432"
    "memorysetup-profiler-bucket-allocator-block-count=8"
    "memorysetup-profiler-allocator-block-size=16777216"
    "memorysetup-profiler-editor-allocator-block-size=1048576"
    "memorysetup-temp-allocator-size-main=16777216"
    "memorysetup-job-temp-allocator-block-size=2097152"
    "memorysetup-job-temp-allocator-block-size-background=1048576"
    "memorysetup-job-temp-allocator-reduction-small-platforms=262144"
    "memorysetup-temp-allocator-size-background-worker=32768"
    "memorysetup-temp-allocator-size-job-worker=262144"
    "memorysetup-temp-allocator-size-preload-manager=33554432"
    "memorysetup-temp-allocator-size-nav-mesh-worker=65536"
    "memorysetup-temp-allocator-size-audio-worker=65536"
    "memorysetup-temp-allocator-size-cloud-worker=32768"
    "memorysetup-temp-allocator-size-gi-baking-worker=262144"
    "memorysetup-temp-allocator-size-gfx=262144"
Refreshing native plugins compatible for Editor in 154.60 ms, found 3 plugins.
Preloading 0 native plugins for Editor in 0.00 ms.
Initialize engine version: 2021.3.1f1 (3b70a0754835)
[Subsystems] Discovering subsystems at path C:/Users/User/Downloads/Unity/Unity Hub/2021.3.1f1/Editor/Data/Resources/UnitySubsystems
[Subsystems] Discovering subsystems at path C:/Users/User/Documents/ICS166/ICS 166/Assets
GfxDevice: creating device client; threaded=0; jobified=0
Direct3D:
    Version:  Direct3D 11.0 [level 11.1]
    Renderer: NVIDIA GeForce GTX 1060 with Max-Q Design (ID=0x1c20)
    Vendor:   NVIDIA
    VRAM:     6052 MB
    Driver:   30.0.15.1169
Initialize mono
Mono path[0] = 'C:/Users/User/Downloads/Unity/Unity Hub/2021.3.1f1/Editor/Data/Managed'
Mono path[1] = 'C:/Users/User/Downloads/Unity/Unity Hub/2021.3.1f1/Editor/Data/MonoBleedingEdge/lib/mono/unityjit-win32'
Mono config path = 'C:/Users/User/Downloads/Unity/Unity Hub/2021.3.1f1/Editor/Data/MonoBleedingEdge/etc'
Using monoOptions --debugger-agent=transport=dt_socket,embedding=1,server=y,suspend=n,address=127.0.0.1:56264
Begin MonoManager ReloadAssembly
Registering precompiled unity dll's ...
Register platform support module: C:/Users/User/Downloads/Unity/Unity Hub/2021.3.1f1/Editor/Data/PlaybackEngines/WebGLSupport/UnityEditor.WebGL.Extensions.dll
Register platform support module: C:/Users/User/Downloads/Unity/Unity Hub/2021.3.1f1/Editor/Data/PlaybackEngines/WindowsStandaloneSupport/UnityEditor.WindowsStandalone.Extensions.dll
Registered in 0.021591 seconds.
Native extension for WindowsStandalone target not found
Native extension for WebGL target not found
Refreshing native plugins compatible for Editor in 78.83 ms, found 3 plugins.
Preloading 0 native plugins for Editor in 0.00 ms.
Mono: successfully reloaded assembly
- Completed reload, in  1.185 seconds
Domain Reload Profiling:
	ReloadAssembly (1186ms)
		BeginReloadAssembly (125ms)
			ExecutionOrderSort (0ms)
			DisableScriptedObjects (0ms)
			BackupInstance (0ms)
			ReleaseScriptingObjects (0ms)
			CreateAndSetChildDomain (1ms)
		EndReloadAssembly (838ms)
			LoadAssemblies (122ms)
			RebuildTransferFunctionScriptingTraits (0ms)
			SetupTypeCache (207ms)
			ReleaseScriptCaches (0ms)
			RebuildScriptCaches (55ms)
			SetupLoadedEditorAssemblies (477ms)
				LogAssemblyErrors (0ms)
				InitializePlatformSupportModulesInManaged (17ms)
				SetLoadedEditorAssemblies (0ms)
				RefreshPlugins (80ms)
				BeforeProcessingInitializeOnLoad (2ms)
				ProcessInitializeOnLoadAttributes (284ms)
				ProcessInitializeOnLoadMethodAttributes (93ms)
				AfterProcessingInitializeOnLoad (0ms)
				EditorAssembliesLoaded (0ms)
			ExecutionOrderSort2 (0ms)
			AwakeInstancesAfterBackupRestoration (0ms)
Platform modules already initialized, skipping
Registering precompiled user dll's ...
Registered in 0.012505 seconds.
Begin MonoManager ReloadAssembly
Symbol file LoadedFromMemory is not a mono symbol file
Native extension for WindowsStandalone target not found
Native extension for WebGL target not found
Refreshing native plugins compatible for Editor in 150.67 ms, found 3 plugins.
Preloading 0 native plugins for Editor in 0.00 ms.
Mono: successfully reloaded assembly
- Completed reload, in  4.611 seconds
Domain Reload Profiling:
	ReloadAssembly (4613ms)
		BeginReloadAssembly (160ms)
			ExecutionOrderSort (0ms)
			DisableScriptedObjects (8ms)
			BackupInstance (0ms)
			ReleaseScriptingObjects (0ms)
			CreateAndSetChildDomain (27ms)
		EndReloadAssembly (4250ms)
			LoadAssemblies (1523ms)
			RebuildTransferFunctionScriptingTraits (0ms)
			SetupTypeCache (696ms)
			ReleaseScriptCaches (1ms)
			RebuildScriptCaches (84ms)
			SetupLoadedEditorAssemblies (1884ms)
				LogAssemblyErrors (0ms)
				InitializePlatformSupportModulesInManaged (11ms)
				SetLoadedEditorAssemblies (0ms)
				RefreshPlugins (151ms)
				BeforeProcessingInitializeOnLoad (97ms)
				ProcessInitializeOnLoadAttributes (420ms)
				ProcessInitializeOnLoadMethodAttributes (1191ms)
				AfterProcessingInitializeOnLoad (14ms)
				EditorAssembliesLoaded (0ms)
			ExecutionOrderSort2 (0ms)
			AwakeInstancesAfterBackupRestoration (9ms)
Platform modules already initialized, skipping
========================================================================
Worker process is ready to serve import requests
Launched and connected shader compiler UnityShaderCompiler.exe after 0.19 seconds
Refreshing native plugins compatible for Editor in 1.40 ms, found 3 plugins.
Preloading 0 native plugins for Editor in 0.00 ms.
Unloading 3061 Unused Serialized files (Serialized files now loaded: 0)
Unloading 30 unused Assets / (55.8 KB). Loaded Objects now: 3524.
Memory consumption went from 127.0 MB to 126.9 MB.
Total: 17.464000 ms (FindLiveObjects: 1.383400 ms CreateObjectMapping: 1.159900 ms MarkObjects: 13.216300 ms  DeleteObjects: 1.701400 ms)

AssetImportParameters requested are different than current active one (requested -> active):
  custom:video-decoder-ogg-theora: a1e56fd34408186e4bbccfd4996cb3dc -> 
  custom:container-muxer-webm: aa71ff27fc2769a1b78a27578f13a17b -> 
  custom:container-demuxer-webm: 4f35f7cbe854078d1ac9338744f61a02 -> 
  custom:video-encoder-webm-vp8: eb34c28f22e8b96e1ab97ce403110664 -> 
  custom:audio-encoder-webm-vorbis: bf7c407c2cedff20999df2af8eb42d56 -> 
  custom:framework-win-MediaFoundation: 216162199b28c13a410421893ffa2e32 -> 
  custom:container-demuxer-ogg: 62fdf1f143b41e24485cea50d1cbac27 -> 
  custom:video-decoder-webm-vp8: 9c59270c3fd7afecdb556c50c9e8de78 -> 
  custom:audio-decoder-ogg-vorbis: bf7c407c2cedff20999df2af8eb42d56 -> 
========================================================================
Received Import Request.
  Time since last request: 161220.000973 seconds.
  path: Assets/Sprites/Main Character.png
  artifactKey: Guid(bae1ce0288fa1ac4d91ce473383ba061) Importer(815301076,1909f56bfc062723c751e8b465ee728b)
Start importing Assets/Sprites/Main Character.png using Guid(bae1ce0288fa1ac4d91ce473383ba061) Importer(815301076,1909f56bfc062723c751e8b465ee728b)  -> (artifact id: '364315effc061d3ecc5e67a3c5878133') in 0.726907 seconds 
========================================================================
Received Import Request.
  Time since last request: 0.000065 seconds.
  path: Assets/Sprites/PC Computer - Stardew Valley - Town Interior.png
  artifactKey: Guid(0e565dda7dd31a94695684004c2620fa) Importer(815301076,1909f56bfc062723c751e8b465ee728b)
Start importing Assets/Sprites/PC Computer - Stardew Valley - Town Interior.png using Guid(0e565dda7dd31a94695684004c2620fa) Importer(815301076,1909f56bfc062723c751e8b465ee728b)  -> (artifact id: 'ff5df6f2619a94ab8a6acc3506894e3c') in 0.246666 seconds 
========================================================================
Received Import Request.
  Time since last request: 178.522037 seconds.
  path: Assets/Sprites/LMAO_STARDEW_ASSETS.prefab
  artifactKey: Guid(d1f9c9fe0e11c204287bdbc936c5f79c) Importer(815301076,1909f56bfc062723c751e8b465ee728b)
Start importing Assets/Sprites/LMAO_STARDEW_ASSETS.prefab using Guid(d1f9c9fe0e11c204287bdbc936c5f79c) Importer(815301076,1909f56bfc062723c751e8b465ee728b)  -> (artifact id: '4a31f0f29c5d6f4cc8a6e279cda876d5') in 0.283081 seconds 
========================================================================
Received Import Request.
  Time since last request: 23.816357 seconds.
  path: Assets/Sprites/LMAO_STARDEW_ASSETS.prefab
  artifactKey: Guid(d1f9c9fe0e11c204287bdbc936c5f79c) Importer(815301076,1909f56bfc062723c751e8b465ee728b)
Start importing Assets/Sprites/LMAO_STARDEW_ASSETS.prefab using Guid(d1f9c9fe0e11c204287bdbc936c5f79c) Importer(815301076,1909f56bfc062723c751e8b465ee728b)  -> (artifact id: 'e05fa89c5ab3a9ca8a74aced87efc5bc') in 0.317180 seconds 
========================================================================
Received Import Request.
  Time since last request: 127.393064 seconds.
  path: Assets/Sprites/LMAO_STARDEW_ASSETS.prefab
  artifactKey: Guid(d1f9c9fe0e11c204287bdbc936c5f79c) Importer(815301076,1909f56bfc062723c751e8b465ee728b)
Start importing Assets/Sprites/LMAO_STARDEW_ASSETS.prefab using Guid(d1f9c9fe0e11c204287bdbc936c5f79c) Importer(815301076,1909f56bfc062723c751e8b465ee728b)  -> (artifact id: '9e5b643a1e46d643932546c3c4e04999') in 0.081134 seconds 
========================================================================
Received Import Request.
  Time since last request: 31.414683 seconds.
  path: Assets/Sprites/LMAO_STARDEW_ASSETS.prefab
  artifactKey: Guid(d1f9c9fe0e11c204287bdbc936c5f79c) Importer(815301076,1909f56bfc062723c751e8b465ee728b)
Start importing Assets/Sprites/LMAO_STARDEW_ASSETS.prefab using Guid(d1f9c9fe0e11c204287bdbc936c5f79c) Importer(815301076,1909f56bfc062723c751e8b465ee728b)  -> (artifact id: '11f9e373b6573be4f4316aee4322752c') in 0.047018 seconds 
========================================================================
Received Import Request.
  Time since last request: 241.518118 seconds.
  path: Assets/Sprites/LMAO_STARDEW_ASSETS.prefab
  artifactKey: Guid(d1f9c9fe0e11c204287bdbc936c5f79c) Importer(815301076,1909f56bfc062723c751e8b465ee728b)
Start importing Assets/Sprites/LMAO_STARDEW_ASSETS.prefab using Guid(d1f9c9fe0e11c204287bdbc936c5f79c) Importer(815301076,1909f56bfc062723c751e8b465ee728b)  -> (artifact id: '68a9c2cc1bd23ebadabfda17202175a9') in 0.133458 seconds 
========================================================================
Received Import Request.
  Time since last request: 1032.867615 seconds.
  path: Assets/Sprites/LMAO_STARDEW_ASSETS.prefab
  artifactKey: Guid(d1f9c9fe0e11c204287bdbc936c5f79c) Importer(815301076,1909f56bfc062723c751e8b465ee728b)
Start importing Assets/Sprites/LMAO_STARDEW_ASSETS.prefab using Guid(d1f9c9fe0e11c204287bdbc936c5f79c) Importer(815301076,1909f56bfc062723c751e8b465ee728b)  -> (artifact id: 'e1874a95988daa8ac114e0aa4bd4efe2') in 6.930258 seconds 
========================================================================
Received Import Request.
  Time since last request: 28.209685 seconds.
  path: Assets/Sprites/LMAO_STARDEW_ASSETS.prefab
  artifactKey: Guid(d1f9c9fe0e11c204287bdbc936c5f79c) Importer(815301076,1909f56bfc062723c751e8b465ee728b)
Start importing Assets/Sprites/LMAO_STARDEW_ASSETS.prefab using Guid(d1f9c9fe0e11c204287bdbc936c5f79c) Importer(815301076,1909f56bfc062723c751e8b465ee728b)  -> (artifact id: '65f442196beb937678a46fd044bbc414') in 15.191630 seconds 
========================================================================
Received Import Request.
  Time since last request: 93.942038 seconds.
  path: Assets/Sprites/LMAO_STARDEW_ASSETS.prefab
  artifactKey: Guid(d1f9c9fe0e11c204287bdbc936c5f79c) Importer(815301076,1909f56bfc062723c751e8b465ee728b)
Start importing Assets/Sprites/LMAO_STARDEW_ASSETS.prefab using Guid(d1f9c9fe0e11c204287bdbc936c5f79c) Importer(815301076,1909f56bfc062723c751e8b465ee728b)  -> (artifact id: 'a5d70814c3fca2e211a2e2c50ce2489b') in 6.106753 seconds 
========================================================================
Received Import Request.
  Time since last request: 237.605199 seconds.
  path: ProjectSettings/TagManager.asset
  artifactKey: Guid(00000000000000003000000000000000) Importer(815301076,1909f56bfc062723c751e8b465ee728b)
Start importing ProjectSettings/TagManager.asset using Guid(00000000000000003000000000000000) Importer(815301076,1909f56bfc062723c751e8b465ee728b)  -> (artifact id: '49103ddb131dee35ba8759c97ba2dd04') in 0.058888 seconds 
