Using pre-set license
Built from '2021.3/staging' branch; Version is '2021.3.1f1 (3b70a0754835) revision 3895456'; Using compiler version '192829333'; Build Type 'Release'
OS: 'Windows 10  (10.0.19043) 64bit Core' Language: 'en' Physical Memory: 8057 MB
BatchMode: 1, IsHumanControllingUs: 0, StartBugReporterOnCrash: 0, Is64bit: 1, IsPro: 1

COMMAND LINE ARGUMENTS:
C:\Users\User\Downloads\Unity\Unity Hub\2021.3.1f1\Editor\Unity.exe
-adb2
-batchMode
-noUpm
-name
AssetImportWorker5
-projectPath
C:/Users/User/Documents/ICS166/ICS 166
-logFile
Logs/AssetImportWorker5.log
-srvPort
59257
Successfully changed project path to: C:/Users/User/Documents/ICS166/ICS 166
C:/Users/User/Documents/ICS166/ICS 166
[UnityMemory] Configuration Parameters - Can be set up in boot.config
    "memorysetup-bucket-allocator-granularity=16"
    "memorysetup-bucket-allocator-bucket-count=8"
    "memorysetup-bucket-allocator-block-size=33554432"
    "memorysetup-bucket-allocator-block-count=8"
    "memorysetup-main-allocator-block-size=16777216"
    "memorysetup-thread-allocator-block-size=16777216"
    "memorysetup-gfx-main-allocator-block-size=16777216"
    "memorysetup-gfx-thread-allocator-block-size=16777216"
    "memorysetup-cache-allocator-block-size=4194304"
    "memorysetup-typetree-allocator-block-size=2097152"
    "memorysetup-profiler-bucket-allocator-granularity=16"
    "memorysetup-profiler-bucket-allocator-bucket-count=8"
    "memorysetup-profiler-bucket-allocator-block-size=33554432"
    "memorysetup-profiler-bucket-allocator-block-count=8"
    "memorysetup-profiler-allocator-block-size=16777216"
    "memorysetup-profiler-editor-allocator-block-size=1048576"
    "memorysetup-temp-allocator-size-main=16777216"
    "memorysetup-job-temp-allocator-block-size=2097152"
    "memorysetup-job-temp-allocator-block-size-background=1048576"
    "memorysetup-job-temp-allocator-reduction-small-platforms=262144"
    "memorysetup-temp-allocator-size-background-worker=32768"
    "memorysetup-temp-allocator-size-job-worker=262144"
    "memorysetup-temp-allocator-size-preload-manager=33554432"
    "memorysetup-temp-allocator-size-nav-mesh-worker=65536"
    "memorysetup-temp-allocator-size-audio-worker=65536"
    "memorysetup-temp-allocator-size-cloud-worker=32768"
    "memorysetup-temp-allocator-size-gi-baking-worker=262144"
    "memorysetup-temp-allocator-size-gfx=262144"
Refreshing native plugins compatible for Editor in 152.71 ms, found 3 plugins.
Preloading 0 native plugins for Editor in 0.00 ms.
Initialize engine version: 2021.3.1f1 (3b70a0754835)
[Subsystems] Discovering subsystems at path C:/Users/User/Downloads/Unity/Unity Hub/2021.3.1f1/Editor/Data/Resources/UnitySubsystems
[Subsystems] Discovering subsystems at path C:/Users/User/Documents/ICS166/ICS 166/Assets
GfxDevice: creating device client; threaded=0; jobified=0
Direct3D:
    Version:  Direct3D 11.0 [level 11.1]
    Renderer: NVIDIA GeForce GTX 1060 with Max-Q Design (ID=0x1c20)
    Vendor:   NVIDIA
    VRAM:     6052 MB
    Driver:   30.0.15.1169
Initialize mono
Mono path[0] = 'C:/Users/User/Downloads/Unity/Unity Hub/2021.3.1f1/Editor/Data/Managed'
Mono path[1] = 'C:/Users/User/Downloads/Unity/Unity Hub/2021.3.1f1/Editor/Data/MonoBleedingEdge/lib/mono/unityjit-win32'
Mono config path = 'C:/Users/User/Downloads/Unity/Unity Hub/2021.3.1f1/Editor/Data/MonoBleedingEdge/etc'
Using monoOptions --debugger-agent=transport=dt_socket,embedding=1,server=y,suspend=n,address=127.0.0.1:56348
Begin MonoManager ReloadAssembly
Registering precompiled unity dll's ...
Register platform support module: C:/Users/User/Downloads/Unity/Unity Hub/2021.3.1f1/Editor/Data/PlaybackEngines/WebGLSupport/UnityEditor.WebGL.Extensions.dll
Register platform support module: C:/Users/User/Downloads/Unity/Unity Hub/2021.3.1f1/Editor/Data/PlaybackEngines/WindowsStandaloneSupport/UnityEditor.WindowsStandalone.Extensions.dll
Registered in 0.021283 seconds.
Native extension for WindowsStandalone target not found
Native extension for WebGL target not found
Refreshing native plugins compatible for Editor in 80.06 ms, found 3 plugins.
Preloading 0 native plugins for Editor in 0.00 ms.
Mono: successfully reloaded assembly
- Completed reload, in  1.184 seconds
Domain Reload Profiling:
	ReloadAssembly (1185ms)
		BeginReloadAssembly (123ms)
			ExecutionOrderSort (0ms)
			DisableScriptedObjects (0ms)
			BackupInstance (0ms)
			ReleaseScriptingObjects (0ms)
			CreateAndSetChildDomain (1ms)
		EndReloadAssembly (839ms)
			LoadAssemblies (120ms)
			RebuildTransferFunctionScriptingTraits (0ms)
			SetupTypeCache (207ms)
			ReleaseScriptCaches (0ms)
			RebuildScriptCaches (52ms)
			SetupLoadedEditorAssemblies (478ms)
				LogAssemblyErrors (0ms)
				InitializePlatformSupportModulesInManaged (19ms)
				SetLoadedEditorAssemblies (0ms)
				RefreshPlugins (80ms)
				BeforeProcessingInitializeOnLoad (2ms)
				ProcessInitializeOnLoadAttributes (285ms)
				ProcessInitializeOnLoadMethodAttributes (92ms)
				AfterProcessingInitializeOnLoad (0ms)
				EditorAssembliesLoaded (0ms)
			ExecutionOrderSort2 (0ms)
			AwakeInstancesAfterBackupRestoration (0ms)
Platform modules already initialized, skipping
Registering precompiled user dll's ...
Registered in 0.012293 seconds.
Begin MonoManager ReloadAssembly
Symbol file LoadedFromMemory is not a mono symbol file
Native extension for WindowsStandalone target not found
Native extension for WebGL target not found
Refreshing native plugins compatible for Editor in 153.31 ms, found 3 plugins.
Preloading 0 native plugins for Editor in 0.00 ms.
Mono: successfully reloaded assembly
- Completed reload, in  4.609 seconds
Domain Reload Profiling:
	ReloadAssembly (4610ms)
		BeginReloadAssembly (154ms)
			ExecutionOrderSort (0ms)
			DisableScriptedObjects (8ms)
			BackupInstance (0ms)
			ReleaseScriptingObjects (0ms)
			CreateAndSetChildDomain (27ms)
		EndReloadAssembly (4251ms)
			LoadAssemblies (1521ms)
			RebuildTransferFunctionScriptingTraits (0ms)
			SetupTypeCache (697ms)
			ReleaseScriptCaches (1ms)
			RebuildScriptCaches (84ms)
			SetupLoadedEditorAssemblies (1884ms)
				LogAssemblyErrors (0ms)
				InitializePlatformSupportModulesInManaged (10ms)
				SetLoadedEditorAssemblies (0ms)
				RefreshPlugins (153ms)
				BeforeProcessingInitializeOnLoad (96ms)
				ProcessInitializeOnLoadAttributes (418ms)
				ProcessInitializeOnLoadMethodAttributes (1192ms)
				AfterProcessingInitializeOnLoad (14ms)
				EditorAssembliesLoaded (0ms)
			ExecutionOrderSort2 (0ms)
			AwakeInstancesAfterBackupRestoration (10ms)
Platform modules already initialized, skipping
========================================================================
Worker process is ready to serve import requests
Launched and connected shader compiler UnityShaderCompiler.exe after 0.20 seconds
Refreshing native plugins compatible for Editor in 1.43 ms, found 3 plugins.
Preloading 0 native plugins for Editor in 0.00 ms.
Unloading 3061 Unused Serialized files (Serialized files now loaded: 0)
Unloading 30 unused Assets / (55.8 KB). Loaded Objects now: 3524.
Memory consumption went from 127.0 MB to 126.9 MB.
Total: 12.975000 ms (FindLiveObjects: 0.717600 ms CreateObjectMapping: 0.744700 ms MarkObjects: 11.304900 ms  DeleteObjects: 0.204900 ms)

AssetImportParameters requested are different than current active one (requested -> active):
  custom:video-decoder-ogg-theora: a1e56fd34408186e4bbccfd4996cb3dc -> 
  custom:container-muxer-webm: aa71ff27fc2769a1b78a27578f13a17b -> 
  custom:container-demuxer-webm: 4f35f7cbe854078d1ac9338744f61a02 -> 
  custom:video-encoder-webm-vp8: eb34c28f22e8b96e1ab97ce403110664 -> 
  custom:audio-encoder-webm-vorbis: bf7c407c2cedff20999df2af8eb42d56 -> 
  custom:framework-win-MediaFoundation: 216162199b28c13a410421893ffa2e32 -> 
  custom:container-demuxer-ogg: 62fdf1f143b41e24485cea50d1cbac27 -> 
  custom:video-decoder-webm-vp8: 9c59270c3fd7afecdb556c50c9e8de78 -> 
  custom:audio-decoder-ogg-vorbis: bf7c407c2cedff20999df2af8eb42d56 -> 
========================================================================
Received Import Request.
  Time since last request: 161220.003904 seconds.
  path: Assets/Sprites/PC Computer - Stardew Valley - Furniture.png
  artifactKey: Guid(5791596827a9f1e47864f2f74e89bebf) Importer(815301076,1909f56bfc062723c751e8b465ee728b)
Start importing Assets/Sprites/PC Computer - Stardew Valley - Furniture.png using Guid(5791596827a9f1e47864f2f74e89bebf) Importer(815301076,1909f56bfc062723c751e8b465ee728b)  -> (artifact id: '005ae55ff82eb7100e674a4290d3e4cd') in 0.725415 seconds 
========================================================================
Received Import Request.
  Time since last request: 202.908570 seconds.
  path: Assets/Sprites/PC Computer - Stardew Valley - Town Interior.asset
  artifactKey: Guid(999e38e47df53b7429f1046b1df14d59) Importer(815301076,1909f56bfc062723c751e8b465ee728b)
Start importing Assets/Sprites/PC Computer - Stardew Valley - Town Interior.asset using Guid(999e38e47df53b7429f1046b1df14d59) Importer(815301076,1909f56bfc062723c751e8b465ee728b)  -> (artifact id: '6eed9d0738218c40a519007e58434827') in 0.445905 seconds 
========================================================================
Received Import Request.
  Time since last request: 127.262340 seconds.
  path: Assets/Sprites/PC Computer - Stardew Valley - Town Interior.asset
  artifactKey: Guid(999e38e47df53b7429f1046b1df14d59) Importer(815301076,1909f56bfc062723c751e8b465ee728b)
Start importing Assets/Sprites/PC Computer - Stardew Valley - Town Interior.asset using Guid(999e38e47df53b7429f1046b1df14d59) Importer(815301076,1909f56bfc062723c751e8b465ee728b)  -> (artifact id: '884f78e1c6672a99a5d99d90d5cba2fa') in 0.025735 seconds 
========================================================================
Received Import Request.
  Time since last request: 0.000060 seconds.
  path: Assets/Sprites/PC Computer - Stardew Valley - Town Interior.png
  artifactKey: Guid(0e565dda7dd31a94695684004c2620fa) Importer(815301076,1909f56bfc062723c751e8b465ee728b)
Start importing Assets/Sprites/PC Computer - Stardew Valley - Town Interior.png using Guid(0e565dda7dd31a94695684004c2620fa) Importer(815301076,1909f56bfc062723c751e8b465ee728b)  -> (artifact id: '17dca41f099f40ff6b93db7748029c90') in 0.075015 seconds 
========================================================================
Received Import Request.
  Time since last request: 272.960451 seconds.
  path: Assets/Sprites/PC Computer - Stardew Valley - Town Interior.png
  artifactKey: Guid(0e565dda7dd31a94695684004c2620fa) Importer(815301076,1909f56bfc062723c751e8b465ee728b)
Start importing Assets/Sprites/PC Computer - Stardew Valley - Town Interior.png using Guid(0e565dda7dd31a94695684004c2620fa) Importer(815301076,1909f56bfc062723c751e8b465ee728b)  -> (artifact id: 'fa92d19729d6181924b043ea6cad4c31') in 42.513091 seconds 
========================================================================
Received Import Request.
  Time since last request: 990.893317 seconds.
  path: Assets/Sprites/PC Computer - Stardew Valley - Town Interior_0.asset
  artifactKey: Guid(4c7bcda0fa500974389f7514d2ba587a) Importer(815301076,1909f56bfc062723c751e8b465ee728b)
Start importing Assets/Sprites/PC Computer - Stardew Valley - Town Interior_0.asset using Guid(4c7bcda0fa500974389f7514d2ba587a) Importer(815301076,1909f56bfc062723c751e8b465ee728b)  -> (artifact id: 'aa47fed2cf96f61a1a554a92599f9673') in 2.025423 seconds 
========================================================================
Received Import Request.
  Time since last request: 0.004195 seconds.
  path: Assets/Sprites/PC Computer - Stardew Valley - Town Interior_34.asset
  artifactKey: Guid(89b3b3020a69609409153b6d02f81ab3) Importer(815301076,1909f56bfc062723c751e8b465ee728b)
Start importing Assets/Sprites/PC Computer - Stardew Valley - Town Interior_34.asset using Guid(89b3b3020a69609409153b6d02f81ab3) Importer(815301076,1909f56bfc062723c751e8b465ee728b)  -> (artifact id: '6a6092d6b2da738024176717582eaf0c') in 0.071319 seconds 
========================================================================
Received Import Request.
  Time since last request: 0.000059 seconds.
  path: Assets/Sprites/PC Computer - Stardew Valley - Town Interior_35.asset
  artifactKey: Guid(d2e9ee35d18272847b4e375bcca14420) Importer(815301076,1909f56bfc062723c751e8b465ee728b)
Start importing Assets/Sprites/PC Computer - Stardew Valley - Town Interior_35.asset using Guid(d2e9ee35d18272847b4e375bcca14420) Importer(815301076,1909f56bfc062723c751e8b465ee728b)  -> (artifact id: '6072b9ec93a31e7d713341ba108e9673') in 0.114976 seconds 
========================================================================
Received Import Request.
  Time since last request: 0.001975 seconds.
  path: Assets/Sprites/PC Computer - Stardew Valley - Town Interior_37.asset
  artifactKey: Guid(cdf74bbb38a1bda458f1a3d6b7640cc5) Importer(815301076,1909f56bfc062723c751e8b465ee728b)
Start importing Assets/Sprites/PC Computer - Stardew Valley - Town Interior_37.asset using Guid(cdf74bbb38a1bda458f1a3d6b7640cc5) Importer(815301076,1909f56bfc062723c751e8b465ee728b)  -> (artifact id: 'dd3e91539891c906212b1e3eb95775a0') in 0.044452 seconds 
========================================================================
Received Import Request.
  Time since last request: 0.000172 seconds.
  path: Assets/Sprites/PC Computer - Stardew Valley - Town Interior_15.asset
  artifactKey: Guid(4803276b9a18b014f80f2f4c839684f3) Importer(815301076,1909f56bfc062723c751e8b465ee728b)
Start importing Assets/Sprites/PC Computer - Stardew Valley - Town Interior_15.asset using Guid(4803276b9a18b014f80f2f4c839684f3) Importer(815301076,1909f56bfc062723c751e8b465ee728b)  -> (artifact id: 'dc008034df1f4afcbb0bbf67fe78fc6c') in 0.032262 seconds 
========================================================================
Received Import Request.
  Time since last request: 0.000056 seconds.
  path: Assets/Sprites/PC Computer - Stardew Valley - Town Interior_27.asset
  artifactKey: Guid(334b0758275e05f4ab858c1cfb22bbea) Importer(815301076,1909f56bfc062723c751e8b465ee728b)
Start importing Assets/Sprites/PC Computer - Stardew Valley - Town Interior_27.asset using Guid(334b0758275e05f4ab858c1cfb22bbea) Importer(815301076,1909f56bfc062723c751e8b465ee728b)  -> (artifact id: 'f5c08f74e45cc16cd30aa436d1478ba9') in 0.046838 seconds 
========================================================================
Received Import Request.
  Time since last request: 0.000056 seconds.
  path: Assets/Sprites/PC Computer - Stardew Valley - Town Interior_8.asset
  artifactKey: Guid(73b4da63e9a4afb4db2caf54381a7baf) Importer(815301076,1909f56bfc062723c751e8b465ee728b)
Start importing Assets/Sprites/PC Computer - Stardew Valley - Town Interior_8.asset using Guid(73b4da63e9a4afb4db2caf54381a7baf) Importer(815301076,1909f56bfc062723c751e8b465ee728b)  -> (artifact id: 'aa4146892202b31449fdce2080922e2e') in 0.031378 seconds 
========================================================================
Received Import Request.
  Time since last request: 0.000062 seconds.
  path: Assets/Sprites/PC Computer - Stardew Valley - Town Interior_12.asset
  artifactKey: Guid(e2a593a486a09fc4b81cf4fc7cee9294) Importer(815301076,1909f56bfc062723c751e8b465ee728b)
Start importing Assets/Sprites/PC Computer - Stardew Valley - Town Interior_12.asset using Guid(e2a593a486a09fc4b81cf4fc7cee9294) Importer(815301076,1909f56bfc062723c751e8b465ee728b)  -> (artifact id: 'bc44582c1f1e5907af06f8fbb3971cb1') in 0.033056 seconds 
========================================================================
Received Import Request.
  Time since last request: 0.000072 seconds.
  path: Assets/Sprites/PC Computer - Stardew Valley - Town Interior_18.asset
  artifactKey: Guid(4e73305cf246fdd49926b02ee816e11a) Importer(815301076,1909f56bfc062723c751e8b465ee728b)
Start importing Assets/Sprites/PC Computer - Stardew Valley - Town Interior_18.asset using Guid(4e73305cf246fdd49926b02ee816e11a) Importer(815301076,1909f56bfc062723c751e8b465ee728b)  -> (artifact id: 'dcdc55164187c6a34c52670c88ab3726') in 0.038753 seconds 
========================================================================
Received Import Request.
  Time since last request: 0.000067 seconds.
  path: Assets/Sprites/PC Computer - Stardew Valley - Town Interior_26.asset
  artifactKey: Guid(de8d0e39064dda648a095d7d9434f724) Importer(815301076,1909f56bfc062723c751e8b465ee728b)
Start importing Assets/Sprites/PC Computer - Stardew Valley - Town Interior_26.asset using Guid(de8d0e39064dda648a095d7d9434f724) Importer(815301076,1909f56bfc062723c751e8b465ee728b)  -> (artifact id: 'ec6fe006d6da5fcac96726d9a2e1dc8b') in 0.043024 seconds 
========================================================================
Received Import Request.
  Time since last request: 0.000060 seconds.
  path: Assets/Sprites/PC Computer - Stardew Valley - Town Interior_5.asset
  artifactKey: Guid(6eda0c2e347c1204ca27dee0192c55a6) Importer(815301076,1909f56bfc062723c751e8b465ee728b)
Start importing Assets/Sprites/PC Computer - Stardew Valley - Town Interior_5.asset using Guid(6eda0c2e347c1204ca27dee0192c55a6) Importer(815301076,1909f56bfc062723c751e8b465ee728b)  -> (artifact id: '94d22a641c2e20586faa361e57cc0fae') in 0.040416 seconds 
========================================================================
Received Import Request.
  Time since last request: 0.000058 seconds.
  path: Assets/Sprites/PC Computer - Stardew Valley - Town Interior_10.asset
  artifactKey: Guid(9bb6cf5f76832104494feffd62534df9) Importer(815301076,1909f56bfc062723c751e8b465ee728b)
Start importing Assets/Sprites/PC Computer - Stardew Valley - Town Interior_10.asset using Guid(9bb6cf5f76832104494feffd62534df9) Importer(815301076,1909f56bfc062723c751e8b465ee728b)  -> (artifact id: '3144f0719b01971baec0526ab1ffb2e7') in 0.057565 seconds 
========================================================================
Received Import Request.
  Time since last request: 0.000333 seconds.
  path: Assets/Sprites/PC Computer - Stardew Valley - Town Interior_13.asset
  artifactKey: Guid(72fa97f02565f5a449f87c6d54cf2135) Importer(815301076,1909f56bfc062723c751e8b465ee728b)
Start importing Assets/Sprites/PC Computer - Stardew Valley - Town Interior_13.asset using Guid(72fa97f02565f5a449f87c6d54cf2135) Importer(815301076,1909f56bfc062723c751e8b465ee728b)  -> (artifact id: '0c3be6e9a4195d1f7725cac243394061') in 0.053801 seconds 
========================================================================
Received Import Request.
  Time since last request: 0.000099 seconds.
  path: Assets/Sprites/PC Computer - Stardew Valley - Town Interior_29.asset
  artifactKey: Guid(de50d210fe5d5e3468fad84bd80cbe37) Importer(815301076,1909f56bfc062723c751e8b465ee728b)
Start importing Assets/Sprites/PC Computer - Stardew Valley - Town Interior_29.asset using Guid(de50d210fe5d5e3468fad84bd80cbe37) Importer(815301076,1909f56bfc062723c751e8b465ee728b)  -> (artifact id: 'd5a88d067c39e8ea64fe56dc6f6f255d') in 0.099465 seconds 
========================================================================
Received Import Request.
  Time since last request: 0.000057 seconds.
  path: Assets/Sprites/PC Computer - Stardew Valley - Town Interior_24.asset
  artifactKey: Guid(8e3843043b851c444a965a4796bfcb49) Importer(815301076,1909f56bfc062723c751e8b465ee728b)
Start importing Assets/Sprites/PC Computer - Stardew Valley - Town Interior_24.asset using Guid(8e3843043b851c444a965a4796bfcb49) Importer(815301076,1909f56bfc062723c751e8b465ee728b)  -> (artifact id: 'cc23c76a2010ad033b39f4bd30512299') in 0.052735 seconds 
========================================================================
Received Import Request.
  Time since last request: 0.000152 seconds.
  path: Assets/Sprites/PC Computer - Stardew Valley - Town Interior_25.asset
  artifactKey: Guid(1521b334ecb021a46b3965a5849e0e19) Importer(815301076,1909f56bfc062723c751e8b465ee728b)
Start importing Assets/Sprites/PC Computer - Stardew Valley - Town Interior_25.asset using Guid(1521b334ecb021a46b3965a5849e0e19) Importer(815301076,1909f56bfc062723c751e8b465ee728b)  -> (artifact id: '9e33edf58bfefb42a92c30b9e8d616aa') in 0.032932 seconds 
========================================================================
Received Import Request.
  Time since last request: 0.000078 seconds.
  path: Assets/Sprites/PC Computer - Stardew Valley - Town Interior_38.asset
  artifactKey: Guid(be526488ccd93c1479bb30126e25ec08) Importer(815301076,1909f56bfc062723c751e8b465ee728b)
Start importing Assets/Sprites/PC Computer - Stardew Valley - Town Interior_38.asset using Guid(be526488ccd93c1479bb30126e25ec08) Importer(815301076,1909f56bfc062723c751e8b465ee728b)  -> (artifact id: '370fb2e385df74ec157de37bb23d26b3') in 0.036097 seconds 
========================================================================
Received Import Request.
  Time since last request: 0.000057 seconds.
  path: Assets/Sprites/PC Computer - Stardew Valley - Town Interior_32.asset
  artifactKey: Guid(77ab89d4e5f395141a26da7b46aea945) Importer(815301076,1909f56bfc062723c751e8b465ee728b)
Start importing Assets/Sprites/PC Computer - Stardew Valley - Town Interior_32.asset using Guid(77ab89d4e5f395141a26da7b46aea945) Importer(815301076,1909f56bfc062723c751e8b465ee728b)  -> (artifact id: '7479f895260cc9891d34fa5e8beb3eab') in 0.040539 seconds 
========================================================================
Received Import Request.
  Time since last request: 0.000054 seconds.
  path: Assets/Sprites/PC Computer - Stardew Valley - Town Interior_17.asset
  artifactKey: Guid(307f7980a43aea948af44666d4c2e077) Importer(815301076,1909f56bfc062723c751e8b465ee728b)
Start importing Assets/Sprites/PC Computer - Stardew Valley - Town Interior_17.asset using Guid(307f7980a43aea948af44666d4c2e077) Importer(815301076,1909f56bfc062723c751e8b465ee728b)  -> (artifact id: '7679ec4cbb34a1da6519d4a5b3b00274') in 0.050975 seconds 
========================================================================
Received Import Request.
  Time since last request: 0.000057 seconds.
  path: Assets/Sprites/PC Computer - Stardew Valley - Town Interior_1.asset
  artifactKey: Guid(5b57a89f264de8042b6a8535c26081bb) Importer(815301076,1909f56bfc062723c751e8b465ee728b)
Start importing Assets/Sprites/PC Computer - Stardew Valley - Town Interior_1.asset using Guid(5b57a89f264de8042b6a8535c26081bb) Importer(815301076,1909f56bfc062723c751e8b465ee728b)  -> (artifact id: '76e7804d56aaec7f41facea386661724') in 0.030877 seconds 
========================================================================
Received Import Request.
  Time since last request: 0.000062 seconds.
  path: Assets/Sprites/PC Computer - Stardew Valley - Town Interior_9.asset
  artifactKey: Guid(d8bee3ce830401f4babed6c4ccf01de0) Importer(815301076,1909f56bfc062723c751e8b465ee728b)
Start importing Assets/Sprites/PC Computer - Stardew Valley - Town Interior_9.asset using Guid(d8bee3ce830401f4babed6c4ccf01de0) Importer(815301076,1909f56bfc062723c751e8b465ee728b)  -> (artifact id: 'b5c273184bfc7444ebb66b72bbab762e') in 0.035536 seconds 
========================================================================
Received Import Request.
  Time since last request: 0.000074 seconds.
  path: Assets/Sprites/PC Computer - Stardew Valley - Town Interior_21.asset
  artifactKey: Guid(ad8806f79eff36f4bb845145ea5489b4) Importer(815301076,1909f56bfc062723c751e8b465ee728b)
Start importing Assets/Sprites/PC Computer - Stardew Valley - Town Interior_21.asset using Guid(ad8806f79eff36f4bb845145ea5489b4) Importer(815301076,1909f56bfc062723c751e8b465ee728b)  -> (artifact id: '525dc065dd1452d2f1a1d9502451a0ef') in 0.031034 seconds 
========================================================================
Received Import Request.
  Time since last request: 0.000056 seconds.
  path: Assets/Sprites/PC Computer - Stardew Valley - Town Interior_2.asset
  artifactKey: Guid(d7f9d9c4915ff2a439d2fa49f38c61c8) Importer(815301076,1909f56bfc062723c751e8b465ee728b)
Start importing Assets/Sprites/PC Computer - Stardew Valley - Town Interior_2.asset using Guid(d7f9d9c4915ff2a439d2fa49f38c61c8) Importer(815301076,1909f56bfc062723c751e8b465ee728b)  -> (artifact id: '53a2be68e18827200dde96115bfaa0c8') in 0.028730 seconds 
========================================================================
Received Import Request.
  Time since last request: 0.000076 seconds.
  path: Assets/Sprites/PC Computer - Stardew Valley - Town Interior_16.asset
  artifactKey: Guid(17fd4349fecad724c879a92bcae0c043) Importer(815301076,1909f56bfc062723c751e8b465ee728b)
Start importing Assets/Sprites/PC Computer - Stardew Valley - Town Interior_16.asset using Guid(17fd4349fecad724c879a92bcae0c043) Importer(815301076,1909f56bfc062723c751e8b465ee728b)  -> (artifact id: '2c4c579162dcd6975d6ccfb825302fb5') in 0.048953 seconds 
========================================================================
Received Import Request.
  Time since last request: 0.000059 seconds.
  path: Assets/Sprites/PC Computer - Stardew Valley - Town Interior_28.asset
  artifactKey: Guid(871666c5b8905ef4fb0eb335b0b20968) Importer(815301076,1909f56bfc062723c751e8b465ee728b)
Start importing Assets/Sprites/PC Computer - Stardew Valley - Town Interior_28.asset using Guid(871666c5b8905ef4fb0eb335b0b20968) Importer(815301076,1909f56bfc062723c751e8b465ee728b)  -> (artifact id: 'f13491b77d3de6f1f47c66268d72f053') in 0.031636 seconds 
========================================================================
Received Import Request.
  Time since last request: 0.000058 seconds.
  path: Assets/Sprites/PC Computer - Stardew Valley - Town Interior_11.asset
  artifactKey: Guid(555297070948d4e49a2d77670c982a67) Importer(815301076,1909f56bfc062723c751e8b465ee728b)
Start importing Assets/Sprites/PC Computer - Stardew Valley - Town Interior_11.asset using Guid(555297070948d4e49a2d77670c982a67) Importer(815301076,1909f56bfc062723c751e8b465ee728b)  -> (artifact id: 'eba4688e3fa740f0106a39108960409d') in 0.030923 seconds 
========================================================================
Received Import Request.
  Time since last request: 0.000071 seconds.
  path: Assets/Sprites/PC Computer - Stardew Valley - Town Interior_19.asset
  artifactKey: Guid(58658dd0c8b7e8f4a891651e4e2a6ced) Importer(815301076,1909f56bfc062723c751e8b465ee728b)
Start importing Assets/Sprites/PC Computer - Stardew Valley - Town Interior_19.asset using Guid(58658dd0c8b7e8f4a891651e4e2a6ced) Importer(815301076,1909f56bfc062723c751e8b465ee728b)  -> (artifact id: 'ae187a375b98b330c0cf47e23c4ea10c') in 0.045956 seconds 
========================================================================
Received Import Request.
  Time since last request: 0.000074 seconds.
  path: Assets/Sprites/PC Computer - Stardew Valley - Town Interior_4.asset
  artifactKey: Guid(b55380764652c6d4691387da0a4b0c64) Importer(815301076,1909f56bfc062723c751e8b465ee728b)
Start importing Assets/Sprites/PC Computer - Stardew Valley - Town Interior_4.asset using Guid(b55380764652c6d4691387da0a4b0c64) Importer(815301076,1909f56bfc062723c751e8b465ee728b)  -> (artifact id: '8c7e665e946935c52aaace3928c33434') in 0.060413 seconds 
========================================================================
Received Import Request.
  Time since last request: 0.000056 seconds.
  path: Assets/Sprites/PC Computer - Stardew Valley - Town Interior_3.asset
  artifactKey: Guid(2cf1d8108e9bb784dbb9cb1aa91725f7) Importer(815301076,1909f56bfc062723c751e8b465ee728b)
Start importing Assets/Sprites/PC Computer - Stardew Valley - Town Interior_3.asset using Guid(2cf1d8108e9bb784dbb9cb1aa91725f7) Importer(815301076,1909f56bfc062723c751e8b465ee728b)  -> (artifact id: 'dd8b4fcf20e64ad63973150b99d048e5') in 0.035514 seconds 
========================================================================
Received Import Request.
  Time since last request: 0.000061 seconds.
  path: Assets/Sprites/PC Computer - Stardew Valley - Town Interior_20.asset
  artifactKey: Guid(1731de4346ae65444a675b5325661832) Importer(815301076,1909f56bfc062723c751e8b465ee728b)
Start importing Assets/Sprites/PC Computer - Stardew Valley - Town Interior_20.asset using Guid(1731de4346ae65444a675b5325661832) Importer(815301076,1909f56bfc062723c751e8b465ee728b)  -> (artifact id: 'c0d61ae5ac2070d4afc75c8c0eb9c963') in 0.043263 seconds 
========================================================================
Received Import Request.
  Time since last request: 0.000065 seconds.
  path: Assets/Sprites/PC Computer - Stardew Valley - Town Interior_22.asset
  artifactKey: Guid(c1c2e2486ac8b99429093e1853f8f7c8) Importer(815301076,1909f56bfc062723c751e8b465ee728b)
Start importing Assets/Sprites/PC Computer - Stardew Valley - Town Interior_22.asset using Guid(c1c2e2486ac8b99429093e1853f8f7c8) Importer(815301076,1909f56bfc062723c751e8b465ee728b)  -> (artifact id: '1c2cddedd66f4af57b9040033da32262') in 0.035968 seconds 
========================================================================
Received Import Request.
  Time since last request: 0.000086 seconds.
  path: Assets/Sprites/PC Computer - Stardew Valley - Town Interior_6.asset
  artifactKey: Guid(4fab3c71856fbbf46b86bc2edd81ba2a) Importer(815301076,1909f56bfc062723c751e8b465ee728b)
Start importing Assets/Sprites/PC Computer - Stardew Valley - Town Interior_6.asset using Guid(4fab3c71856fbbf46b86bc2edd81ba2a) Importer(815301076,1909f56bfc062723c751e8b465ee728b)  -> (artifact id: '7e6406e79b24a75578a1ab246548b427') in 0.044831 seconds 
========================================================================
Received Import Request.
  Time since last request: 0.000059 seconds.
  path: Assets/Sprites/PC Computer - Stardew Valley - Town Interior_31.asset
  artifactKey: Guid(f8cccd5d382ff5b4ea05bfa3e98e60d5) Importer(815301076,1909f56bfc062723c751e8b465ee728b)
Start importing Assets/Sprites/PC Computer - Stardew Valley - Town Interior_31.asset using Guid(f8cccd5d382ff5b4ea05bfa3e98e60d5) Importer(815301076,1909f56bfc062723c751e8b465ee728b)  -> (artifact id: 'fb1826eefae6b128f2c45cd2eac99e0f') in 0.031954 seconds 
========================================================================
Received Import Request.
  Time since last request: 0.000061 seconds.
  path: Assets/Sprites/PC Computer - Stardew Valley - Town Interior_33.asset
  artifactKey: Guid(01cc871ac198ea149a8b0cd377b50ae0) Importer(815301076,1909f56bfc062723c751e8b465ee728b)
Start importing Assets/Sprites/PC Computer - Stardew Valley - Town Interior_33.asset using Guid(01cc871ac198ea149a8b0cd377b50ae0) Importer(815301076,1909f56bfc062723c751e8b465ee728b)  -> (artifact id: '7cae461b663aead2a06792abb80fa9be') in 0.036451 seconds 
========================================================================
Received Import Request.
  Time since last request: 0.000055 seconds.
  path: Assets/Sprites/PC Computer - Stardew Valley - Town Interior_36.asset
  artifactKey: Guid(168406f5b1d3bbc4b8168d682c685fad) Importer(815301076,1909f56bfc062723c751e8b465ee728b)
Start importing Assets/Sprites/PC Computer - Stardew Valley - Town Interior_36.asset using Guid(168406f5b1d3bbc4b8168d682c685fad) Importer(815301076,1909f56bfc062723c751e8b465ee728b)  -> (artifact id: '5665d438e8d0f01b95c693534b6ea3ea') in 0.033130 seconds 
========================================================================
Received Import Request.
  Time since last request: 0.000062 seconds.
  path: Assets/Sprites/PC Computer - Stardew Valley - Town Interior_7.asset
  artifactKey: Guid(5312e6870b691074fbd4e002b9ca7c26) Importer(815301076,1909f56bfc062723c751e8b465ee728b)
Start importing Assets/Sprites/PC Computer - Stardew Valley - Town Interior_7.asset using Guid(5312e6870b691074fbd4e002b9ca7c26) Importer(815301076,1909f56bfc062723c751e8b465ee728b)  -> (artifact id: 'b7ee587f8af8baa19fe8588023d20965') in 0.029003 seconds 
========================================================================
Received Import Request.
  Time since last request: 0.000072 seconds.
  path: Assets/Sprites/PC Computer - Stardew Valley - Town Interior_14.asset
  artifactKey: Guid(a49c6dc3c28ca4d4e9403076f0eed1e2) Importer(815301076,1909f56bfc062723c751e8b465ee728b)
Start importing Assets/Sprites/PC Computer - Stardew Valley - Town Interior_14.asset using Guid(a49c6dc3c28ca4d4e9403076f0eed1e2) Importer(815301076,1909f56bfc062723c751e8b465ee728b)  -> (artifact id: 'caa7d08553e9f5a99ee9dd56ac092f8a') in 0.031552 seconds 
========================================================================
Received Import Request.
  Time since last request: 0.000058 seconds.
  path: Assets/Sprites/PC Computer - Stardew Valley - Town Interior_23.asset
  artifactKey: Guid(e71de73385501a24a9fdc3e925725818) Importer(815301076,1909f56bfc062723c751e8b465ee728b)
Start importing Assets/Sprites/PC Computer - Stardew Valley - Town Interior_23.asset using Guid(e71de73385501a24a9fdc3e925725818) Importer(815301076,1909f56bfc062723c751e8b465ee728b)  -> (artifact id: '6d9370c0b5a4188a4962767c4ed6caac') in 0.029697 seconds 
========================================================================
Received Import Request.
  Time since last request: 0.000054 seconds.
  path: Assets/Sprites/PC Computer - Stardew Valley - Town Interior_30.asset
  artifactKey: Guid(857c0d3a418939b409e8d69c1086bdbc) Importer(815301076,1909f56bfc062723c751e8b465ee728b)
Start importing Assets/Sprites/PC Computer - Stardew Valley - Town Interior_30.asset using Guid(857c0d3a418939b409e8d69c1086bdbc) Importer(815301076,1909f56bfc062723c751e8b465ee728b)  -> (artifact id: 'e93bb85e9aa860e308b385513f687944') in 0.035799 seconds 
========================================================================
Received Import Request.
  Time since last request: 30.501539 seconds.
  path: Assets/Sprites/PC Computer - Stardew Valley - Town Interior_0.asset
  artifactKey: Guid(4c7bcda0fa500974389f7514d2ba587a) Importer(815301076,1909f56bfc062723c751e8b465ee728b)
Start importing Assets/Sprites/PC Computer - Stardew Valley - Town Interior_0.asset using Guid(4c7bcda0fa500974389f7514d2ba587a) Importer(815301076,1909f56bfc062723c751e8b465ee728b)  -> (artifact id: '4962ede6142542114d92f58d0431d057') in 0.102836 seconds 
========================================================================
Received Import Request.
  Time since last request: 0.004920 seconds.
  path: Assets/Sprites/PC Computer - Stardew Valley - Town Interior_34.asset
  artifactKey: Guid(89b3b3020a69609409153b6d02f81ab3) Importer(815301076,1909f56bfc062723c751e8b465ee728b)
Start importing Assets/Sprites/PC Computer - Stardew Valley - Town Interior_34.asset using Guid(89b3b3020a69609409153b6d02f81ab3) Importer(815301076,1909f56bfc062723c751e8b465ee728b)  -> (artifact id: 'ff6d9c7d0dbac4688118090ad72c6e2d') in 0.024083 seconds 
========================================================================
Received Import Request.
  Time since last request: 0.000734 seconds.
  path: Assets/Sprites/PC Computer - Stardew Valley - Town Interior_35.asset
  artifactKey: Guid(d2e9ee35d18272847b4e375bcca14420) Importer(815301076,1909f56bfc062723c751e8b465ee728b)
Start importing Assets/Sprites/PC Computer - Stardew Valley - Town Interior_35.asset using Guid(d2e9ee35d18272847b4e375bcca14420) Importer(815301076,1909f56bfc062723c751e8b465ee728b)  -> (artifact id: 'f48711250502a3e11ed8d3e58e7dcc9f') in 0.080098 seconds 
========================================================================
Received Import Request.
  Time since last request: 0.001694 seconds.
  path: Assets/Sprites/PC Computer - Stardew Valley - Town Interior_37.asset
  artifactKey: Guid(cdf74bbb38a1bda458f1a3d6b7640cc5) Importer(815301076,1909f56bfc062723c751e8b465ee728b)
Start importing Assets/Sprites/PC Computer - Stardew Valley - Town Interior_37.asset using Guid(cdf74bbb38a1bda458f1a3d6b7640cc5) Importer(815301076,1909f56bfc062723c751e8b465ee728b)  -> (artifact id: '7da05f84873d13d00e295529a4dc21bc') in 0.040622 seconds 
========================================================================
Received Import Request.
  Time since last request: 0.007121 seconds.
  path: Assets/Sprites/PC Computer - Stardew Valley - Town Interior_15.asset
  artifactKey: Guid(4803276b9a18b014f80f2f4c839684f3) Importer(815301076,1909f56bfc062723c751e8b465ee728b)
Start importing Assets/Sprites/PC Computer - Stardew Valley - Town Interior_15.asset using Guid(4803276b9a18b014f80f2f4c839684f3) Importer(815301076,1909f56bfc062723c751e8b465ee728b)  -> (artifact id: '16420f4d7658c4ec1c5e30dd36270c81') in 0.081476 seconds 
========================================================================
Received Import Request.
  Time since last request: 0.000052 seconds.
  path: Assets/Sprites/PC Computer - Stardew Valley - Town Interior_27.asset
  artifactKey: Guid(334b0758275e05f4ab858c1cfb22bbea) Importer(815301076,1909f56bfc062723c751e8b465ee728b)
Start importing Assets/Sprites/PC Computer - Stardew Valley - Town Interior_27.asset using Guid(334b0758275e05f4ab858c1cfb22bbea) Importer(815301076,1909f56bfc062723c751e8b465ee728b)  -> (artifact id: 'a651cb43cdef9fd0d8c9ae64f0ed6c7f') in 0.056526 seconds 
========================================================================
Received Import Request.
  Time since last request: 0.066223 seconds.
  path: Assets/Sprites/PC Computer - Stardew Valley - Town Interior_8.asset
  artifactKey: Guid(73b4da63e9a4afb4db2caf54381a7baf) Importer(815301076,1909f56bfc062723c751e8b465ee728b)
Start importing Assets/Sprites/PC Computer - Stardew Valley - Town Interior_8.asset using Guid(73b4da63e9a4afb4db2caf54381a7baf) Importer(815301076,1909f56bfc062723c751e8b465ee728b)  -> (artifact id: '840929651b2329529bf4af5afdba2b52') in 0.407158 seconds 
========================================================================
Received Import Request.
  Time since last request: 0.015159 seconds.
  path: Assets/Sprites/PC Computer - Stardew Valley - Town Interior_12.asset
  artifactKey: Guid(e2a593a486a09fc4b81cf4fc7cee9294) Importer(815301076,1909f56bfc062723c751e8b465ee728b)
Start importing Assets/Sprites/PC Computer - Stardew Valley - Town Interior_12.asset using Guid(e2a593a486a09fc4b81cf4fc7cee9294) Importer(815301076,1909f56bfc062723c751e8b465ee728b)  -> (artifact id: 'd88537a78b59adf49c91856780abe5b2') in 0.153816 seconds 
========================================================================
Received Import Request.
  Time since last request: 0.009191 seconds.
  path: Assets/Sprites/PC Computer - Stardew Valley - Town Interior_18.asset
  artifactKey: Guid(4e73305cf246fdd49926b02ee816e11a) Importer(815301076,1909f56bfc062723c751e8b465ee728b)
Start importing Assets/Sprites/PC Computer - Stardew Valley - Town Interior_18.asset using Guid(4e73305cf246fdd49926b02ee816e11a) Importer(815301076,1909f56bfc062723c751e8b465ee728b)  -> (artifact id: 'da513c9114828f54aeb99ae7898fa273') in 0.159857 seconds 
========================================================================
Received Import Request.
  Time since last request: 0.062299 seconds.
  path: Assets/Sprites/PC Computer - Stardew Valley - Town Interior_26.asset
  artifactKey: Guid(de8d0e39064dda648a095d7d9434f724) Importer(815301076,1909f56bfc062723c751e8b465ee728b)
Start importing Assets/Sprites/PC Computer - Stardew Valley - Town Interior_26.asset using Guid(de8d0e39064dda648a095d7d9434f724) Importer(815301076,1909f56bfc062723c751e8b465ee728b)  -> (artifact id: 'e7a799f4b932d75ee57f6b55f4e83f09') in 0.087632 seconds 
========================================================================
Received Import Request.
  Time since last request: 0.100901 seconds.
  path: Assets/Sprites/PC Computer - Stardew Valley - Town Interior_5.asset
  artifactKey: Guid(6eda0c2e347c1204ca27dee0192c55a6) Importer(815301076,1909f56bfc062723c751e8b465ee728b)
Start importing Assets/Sprites/PC Computer - Stardew Valley - Town Interior_5.asset using Guid(6eda0c2e347c1204ca27dee0192c55a6) Importer(815301076,1909f56bfc062723c751e8b465ee728b)  -> (artifact id: 'e34c17a5f2db179411ca76f094f5b7ae') in 0.052920 seconds 
========================================================================
Received Import Request.
  Time since last request: 0.000666 seconds.
  path: Assets/Sprites/PC Computer - Stardew Valley - Town Interior_10.asset
  artifactKey: Guid(9bb6cf5f76832104494feffd62534df9) Importer(815301076,1909f56bfc062723c751e8b465ee728b)
Start importing Assets/Sprites/PC Computer - Stardew Valley - Town Interior_10.asset using Guid(9bb6cf5f76832104494feffd62534df9) Importer(815301076,1909f56bfc062723c751e8b465ee728b)  -> (artifact id: '12642091ae42b5c2c7db530e3682d8f2') in 0.061306 seconds 
========================================================================
Received Import Request.
  Time since last request: 0.013902 seconds.
  path: Assets/Sprites/PC Computer - Stardew Valley - Town Interior_13.asset
  artifactKey: Guid(72fa97f02565f5a449f87c6d54cf2135) Importer(815301076,1909f56bfc062723c751e8b465ee728b)
Start importing Assets/Sprites/PC Computer - Stardew Valley - Town Interior_13.asset using Guid(72fa97f02565f5a449f87c6d54cf2135) Importer(815301076,1909f56bfc062723c751e8b465ee728b)  -> (artifact id: 'd365ab1759ba2765b08091ca32bccdab') in 0.060696 seconds 
========================================================================
Received Import Request.
  Time since last request: 0.001861 seconds.
  path: Assets/Sprites/PC Computer - Stardew Valley - Town Interior_29.asset
  artifactKey: Guid(de50d210fe5d5e3468fad84bd80cbe37) Importer(815301076,1909f56bfc062723c751e8b465ee728b)
Start importing Assets/Sprites/PC Computer - Stardew Valley - Town Interior_29.asset using Guid(de50d210fe5d5e3468fad84bd80cbe37) Importer(815301076,1909f56bfc062723c751e8b465ee728b)  -> (artifact id: 'b57dc556f3b5acaa5cf979485b270515') in 0.050479 seconds 
========================================================================
Received Import Request.
  Time since last request: 0.000909 seconds.
  path: Assets/Sprites/PC Computer - Stardew Valley - Town Interior_24.asset
  artifactKey: Guid(8e3843043b851c444a965a4796bfcb49) Importer(815301076,1909f56bfc062723c751e8b465ee728b)
Start importing Assets/Sprites/PC Computer - Stardew Valley - Town Interior_24.asset using Guid(8e3843043b851c444a965a4796bfcb49) Importer(815301076,1909f56bfc062723c751e8b465ee728b)  -> (artifact id: 'ed38dc86b2455d1e4ae8d0a0754af567') in 0.074854 seconds 
========================================================================
Received Import Request.
  Time since last request: 0.000058 seconds.
  path: Assets/Sprites/PC Computer - Stardew Valley - Town Interior_25.asset
  artifactKey: Guid(1521b334ecb021a46b3965a5849e0e19) Importer(815301076,1909f56bfc062723c751e8b465ee728b)
Start importing Assets/Sprites/PC Computer - Stardew Valley - Town Interior_25.asset using Guid(1521b334ecb021a46b3965a5849e0e19) Importer(815301076,1909f56bfc062723c751e8b465ee728b)  -> (artifact id: 'ea8b4934867705490e05ddbe7f21398e') in 0.291816 seconds 
========================================================================
Received Import Request.
  Time since last request: 0.000071 seconds.
  path: Assets/Sprites/PC Computer - Stardew Valley - Town Interior_38.asset
  artifactKey: Guid(be526488ccd93c1479bb30126e25ec08) Importer(815301076,1909f56bfc062723c751e8b465ee728b)
Start importing Assets/Sprites/PC Computer - Stardew Valley - Town Interior_38.asset using Guid(be526488ccd93c1479bb30126e25ec08) Importer(815301076,1909f56bfc062723c751e8b465ee728b)  -> (artifact id: 'befd47f905c88287d71c706d844b2e71') in 0.034472 seconds 
========================================================================
Received Import Request.
  Time since last request: 0.000078 seconds.
  path: Assets/Sprites/PC Computer - Stardew Valley - Town Interior_32.asset
  artifactKey: Guid(77ab89d4e5f395141a26da7b46aea945) Importer(815301076,1909f56bfc062723c751e8b465ee728b)
Start importing Assets/Sprites/PC Computer - Stardew Valley - Town Interior_32.asset using Guid(77ab89d4e5f395141a26da7b46aea945) Importer(815301076,1909f56bfc062723c751e8b465ee728b)  -> (artifact id: 'b1be52a218a71796aa2f3b27dbe63d0f') in 0.034664 seconds 
========================================================================
Received Import Request.
  Time since last request: 0.000050 seconds.
  path: Assets/Sprites/PC Computer - Stardew Valley - Town Interior_17.asset
  artifactKey: Guid(307f7980a43aea948af44666d4c2e077) Importer(815301076,1909f56bfc062723c751e8b465ee728b)
Start importing Assets/Sprites/PC Computer - Stardew Valley - Town Interior_17.asset using Guid(307f7980a43aea948af44666d4c2e077) Importer(815301076,1909f56bfc062723c751e8b465ee728b)  -> (artifact id: '819ae1de63563a2d0798d0b59c1c6ad8') in 0.048195 seconds 
========================================================================
Received Import Request.
  Time since last request: 0.000050 seconds.
  path: Assets/Sprites/PC Computer - Stardew Valley - Town Interior_1.asset
  artifactKey: Guid(5b57a89f264de8042b6a8535c26081bb) Importer(815301076,1909f56bfc062723c751e8b465ee728b)
Start importing Assets/Sprites/PC Computer - Stardew Valley - Town Interior_1.asset using Guid(5b57a89f264de8042b6a8535c26081bb) Importer(815301076,1909f56bfc062723c751e8b465ee728b)  -> (artifact id: '349381399167e8ff253cd1cd78e1ca1a') in 0.060409 seconds 
========================================================================
Received Import Request.
  Time since last request: 0.002050 seconds.
  path: Assets/Sprites/PC Computer - Stardew Valley - Town Interior_9.asset
  artifactKey: Guid(d8bee3ce830401f4babed6c4ccf01de0) Importer(815301076,1909f56bfc062723c751e8b465ee728b)
Start importing Assets/Sprites/PC Computer - Stardew Valley - Town Interior_9.asset using Guid(d8bee3ce830401f4babed6c4ccf01de0) Importer(815301076,1909f56bfc062723c751e8b465ee728b)  -> (artifact id: '456d5aac716727b187ec6e0df64a9d7a') in 0.072198 seconds 
========================================================================
Received Import Request.
  Time since last request: 0.000054 seconds.
  path: Assets/Sprites/PC Computer - Stardew Valley - Town Interior_21.asset
  artifactKey: Guid(ad8806f79eff36f4bb845145ea5489b4) Importer(815301076,1909f56bfc062723c751e8b465ee728b)
Start importing Assets/Sprites/PC Computer - Stardew Valley - Town Interior_21.asset using Guid(ad8806f79eff36f4bb845145ea5489b4) Importer(815301076,1909f56bfc062723c751e8b465ee728b)  -> (artifact id: '1f0dd8c24249c81ee7baa052b11858a0') in 0.024281 seconds 
========================================================================
Received Import Request.
  Time since last request: 0.004936 seconds.
  path: Assets/Sprites/PC Computer - Stardew Valley - Town Interior_2.asset
  artifactKey: Guid(d7f9d9c4915ff2a439d2fa49f38c61c8) Importer(815301076,1909f56bfc062723c751e8b465ee728b)
Start importing Assets/Sprites/PC Computer - Stardew Valley - Town Interior_2.asset using Guid(d7f9d9c4915ff2a439d2fa49f38c61c8) Importer(815301076,1909f56bfc062723c751e8b465ee728b)  -> (artifact id: '27035845b2fdf9c9eb97a20a4b769458') in 0.025173 seconds 
========================================================================
Received Import Request.
  Time since last request: 0.000406 seconds.
  path: Assets/Sprites/PC Computer - Stardew Valley - Town Interior_16.asset
  artifactKey: Guid(17fd4349fecad724c879a92bcae0c043) Importer(815301076,1909f56bfc062723c751e8b465ee728b)
Start importing Assets/Sprites/PC Computer - Stardew Valley - Town Interior_16.asset using Guid(17fd4349fecad724c879a92bcae0c043) Importer(815301076,1909f56bfc062723c751e8b465ee728b)  -> (artifact id: '0565b5c181227cf2236c0168cdd73d53') in 0.039686 seconds 
========================================================================
Received Import Request.
  Time since last request: 0.000456 seconds.
  path: Assets/Sprites/PC Computer - Stardew Valley - Town Interior_28.asset
  artifactKey: Guid(871666c5b8905ef4fb0eb335b0b20968) Importer(815301076,1909f56bfc062723c751e8b465ee728b)
Start importing Assets/Sprites/PC Computer - Stardew Valley - Town Interior_28.asset using Guid(871666c5b8905ef4fb0eb335b0b20968) Importer(815301076,1909f56bfc062723c751e8b465ee728b)  -> (artifact id: '493cc2824e6a1bfa3d275076e05aa3df') in 0.025866 seconds 
========================================================================
Received Import Request.
  Time since last request: 0.000046 seconds.
  path: Assets/Sprites/PC Computer - Stardew Valley - Town Interior_11.asset
  artifactKey: Guid(555297070948d4e49a2d77670c982a67) Importer(815301076,1909f56bfc062723c751e8b465ee728b)
Start importing Assets/Sprites/PC Computer - Stardew Valley - Town Interior_11.asset using Guid(555297070948d4e49a2d77670c982a67) Importer(815301076,1909f56bfc062723c751e8b465ee728b)  -> (artifact id: '2bb0e7c5d823b2028d9e72ee7f285abc') in 0.066952 seconds 
========================================================================
Received Import Request.
  Time since last request: 0.022461 seconds.
  path: Assets/Sprites/PC Computer - Stardew Valley - Town Interior_19.asset
  artifactKey: Guid(58658dd0c8b7e8f4a891651e4e2a6ced) Importer(815301076,1909f56bfc062723c751e8b465ee728b)
Start importing Assets/Sprites/PC Computer - Stardew Valley - Town Interior_19.asset using Guid(58658dd0c8b7e8f4a891651e4e2a6ced) Importer(815301076,1909f56bfc062723c751e8b465ee728b)  -> (artifact id: '11fe897c7a3f4c3e5b5c2df2d8730ac3') in 0.132360 seconds 
========================================================================
Received Import Request.
  Time since last request: 0.005800 seconds.
  path: Assets/Sprites/PC Computer - Stardew Valley - Town Interior_4.asset
  artifactKey: Guid(b55380764652c6d4691387da0a4b0c64) Importer(815301076,1909f56bfc062723c751e8b465ee728b)
Start importing Assets/Sprites/PC Computer - Stardew Valley - Town Interior_4.asset using Guid(b55380764652c6d4691387da0a4b0c64) Importer(815301076,1909f56bfc062723c751e8b465ee728b)  -> (artifact id: 'f7a44dcd4778c086d0f14bd5d5354559') in 0.089434 seconds 
========================================================================
Received Import Request.
  Time since last request: 0.001573 seconds.
  path: Assets/Sprites/PC Computer - Stardew Valley - Town Interior_3.asset
  artifactKey: Guid(2cf1d8108e9bb784dbb9cb1aa91725f7) Importer(815301076,1909f56bfc062723c751e8b465ee728b)
Start importing Assets/Sprites/PC Computer - Stardew Valley - Town Interior_3.asset using Guid(2cf1d8108e9bb784dbb9cb1aa91725f7) Importer(815301076,1909f56bfc062723c751e8b465ee728b)  -> (artifact id: 'df32cd1b1375527304e69da56e3371fb') in 0.077236 seconds 
========================================================================
Received Import Request.
  Time since last request: 0.024781 seconds.
  path: Assets/Sprites/PC Computer - Stardew Valley - Town Interior_20.asset
  artifactKey: Guid(1731de4346ae65444a675b5325661832) Importer(815301076,1909f56bfc062723c751e8b465ee728b)
Start importing Assets/Sprites/PC Computer - Stardew Valley - Town Interior_20.asset using Guid(1731de4346ae65444a675b5325661832) Importer(815301076,1909f56bfc062723c751e8b465ee728b)  -> (artifact id: 'fb8d122ff35ccdb31739c7948853c7fd') in 0.062232 seconds 
========================================================================
Received Import Request.
  Time since last request: 0.186248 seconds.
  path: Assets/Sprites/PC Computer - Stardew Valley - Town Interior_22.asset
  artifactKey: Guid(c1c2e2486ac8b99429093e1853f8f7c8) Importer(815301076,1909f56bfc062723c751e8b465ee728b)
Start importing Assets/Sprites/PC Computer - Stardew Valley - Town Interior_22.asset using Guid(c1c2e2486ac8b99429093e1853f8f7c8) Importer(815301076,1909f56bfc062723c751e8b465ee728b)  -> (artifact id: 'aa97d9c5f6631fb9a46b53e294a572b7') in 0.119723 seconds 
========================================================================
Received Import Request.
  Time since last request: 0.067818 seconds.
  path: Assets/Sprites/PC Computer - Stardew Valley - Town Interior_6.asset
  artifactKey: Guid(4fab3c71856fbbf46b86bc2edd81ba2a) Importer(815301076,1909f56bfc062723c751e8b465ee728b)
Start importing Assets/Sprites/PC Computer - Stardew Valley - Town Interior_6.asset using Guid(4fab3c71856fbbf46b86bc2edd81ba2a) Importer(815301076,1909f56bfc062723c751e8b465ee728b)  -> (artifact id: '21ec9a87ad67be1e1cfbf7b5c8370d12') in 0.049863 seconds 
========================================================================
Received Import Request.
  Time since last request: 0.000063 seconds.
  path: Assets/Sprites/PC Computer - Stardew Valley - Town Interior_31.asset
  artifactKey: Guid(f8cccd5d382ff5b4ea05bfa3e98e60d5) Importer(815301076,1909f56bfc062723c751e8b465ee728b)
Start importing Assets/Sprites/PC Computer - Stardew Valley - Town Interior_31.asset using Guid(f8cccd5d382ff5b4ea05bfa3e98e60d5) Importer(815301076,1909f56bfc062723c751e8b465ee728b)  -> (artifact id: '7bbbbd3b6bfde837fb16ee3fe72b60a2') in 0.083105 seconds 
========================================================================
Received Import Request.
  Time since last request: 0.002513 seconds.
  path: Assets/Sprites/PC Computer - Stardew Valley - Town Interior_33.asset
  artifactKey: Guid(01cc871ac198ea149a8b0cd377b50ae0) Importer(815301076,1909f56bfc062723c751e8b465ee728b)
Start importing Assets/Sprites/PC Computer - Stardew Valley - Town Interior_33.asset using Guid(01cc871ac198ea149a8b0cd377b50ae0) Importer(815301076,1909f56bfc062723c751e8b465ee728b)  -> (artifact id: 'e8cccb92e8b01202fa55e86dd700e46a') in 0.033734 seconds 
========================================================================
Received Import Request.
  Time since last request: 0.000135 seconds.
  path: Assets/Sprites/PC Computer - Stardew Valley - Town Interior_36.asset
  artifactKey: Guid(168406f5b1d3bbc4b8168d682c685fad) Importer(815301076,1909f56bfc062723c751e8b465ee728b)
Start importing Assets/Sprites/PC Computer - Stardew Valley - Town Interior_36.asset using Guid(168406f5b1d3bbc4b8168d682c685fad) Importer(815301076,1909f56bfc062723c751e8b465ee728b)  -> (artifact id: 'beb235cad0c571fa23a125fde51f01a4') in 0.036214 seconds 
========================================================================
Received Import Request.
  Time since last request: 0.000053 seconds.
  path: Assets/Sprites/PC Computer - Stardew Valley - Town Interior_7.asset
  artifactKey: Guid(5312e6870b691074fbd4e002b9ca7c26) Importer(815301076,1909f56bfc062723c751e8b465ee728b)
Start importing Assets/Sprites/PC Computer - Stardew Valley - Town Interior_7.asset using Guid(5312e6870b691074fbd4e002b9ca7c26) Importer(815301076,1909f56bfc062723c751e8b465ee728b)  -> (artifact id: '08b1e41f9e53aeaffba4c65c1816af49') in 0.048487 seconds 
========================================================================
Received Import Request.
  Time since last request: 0.000248 seconds.
  path: Assets/Sprites/PC Computer - Stardew Valley - Town Interior_14.asset
  artifactKey: Guid(a49c6dc3c28ca4d4e9403076f0eed1e2) Importer(815301076,1909f56bfc062723c751e8b465ee728b)
Start importing Assets/Sprites/PC Computer - Stardew Valley - Town Interior_14.asset using Guid(a49c6dc3c28ca4d4e9403076f0eed1e2) Importer(815301076,1909f56bfc062723c751e8b465ee728b)  -> (artifact id: '2dfa80b102af9a043a6944dfdf0cbcba') in 0.048111 seconds 
========================================================================
Received Import Request.
  Time since last request: 0.015911 seconds.
  path: Assets/Sprites/PC Computer - Stardew Valley - Town Interior_23.asset
  artifactKey: Guid(e71de73385501a24a9fdc3e925725818) Importer(815301076,1909f56bfc062723c751e8b465ee728b)
Start importing Assets/Sprites/PC Computer - Stardew Valley - Town Interior_23.asset using Guid(e71de73385501a24a9fdc3e925725818) Importer(815301076,1909f56bfc062723c751e8b465ee728b)  -> (artifact id: 'dcec228565fcceee008863a8ceca64a4') in 0.037692 seconds 
========================================================================
Received Import Request.
  Time since last request: 0.004778 seconds.
  path: Assets/Sprites/PC Computer - Stardew Valley - Town Interior_30.asset
  artifactKey: Guid(857c0d3a418939b409e8d69c1086bdbc) Importer(815301076,1909f56bfc062723c751e8b465ee728b)
Start importing Assets/Sprites/PC Computer - Stardew Valley - Town Interior_30.asset using Guid(857c0d3a418939b409e8d69c1086bdbc) Importer(815301076,1909f56bfc062723c751e8b465ee728b)  -> (artifact id: 'cb96c7e9b53a5207eac456288c9bf22c') in 0.033697 seconds 
Editor requested this worker to shutdown with reason: Scaling down because of idle timeout
AssetImportWorkerClient::OnTransportError - code=2 error=End of file
AssetImportWorker is now disconnected from the server
Process exiting
Exiting without the bug reporter. Application will terminate with return code 0